Starting Selenium Grid
[jenkins] $ /usr/lib/jvm/java-11-openjdk-amd64/bin/java -cp /var/cache/jenkins/war/WEB-INF/lib/remoting-3044.vb_940a_a_e4f72e.jar:/var/lib/jenkins/plugins/selenium/WEB-INF/lib/selenium-server-standalone-3.141.59.jar:/var/lib/jenkins/plugins/selenium/WEB-INF/lib/htmlunit-driver-standalone-2.33.3.jar hudson.remoting.Launcher -connectTo localhost:44731
Starting Selenium Grid
channel started
Nov 14, 2022 6:26:28 AM hudson.plugins.selenium.HubLauncher call
OFF: Grid hub starting with log level INFO
Nov 14, 2022 6:26:28 AM hudson.plugins.selenium.HubLauncher call
OFF: Grid Hub preparing to start on port 4444
2022-11-14 06:26:30.417:INFO::pool-1-thread-2 for channel id=941: Logging initialized @3439ms to org.seleniumhq.jetty9.util.log.StdErrLog
2022-11-14 06:26:30.606:INFO:osjs.Server:pool-1-thread-2 for channel id=941: jetty-9.4.z-SNAPSHOT; built: 2018-08-30T13:59:14.071Z; git: 27208684755d94a92186989f695db2d7b21ebc51; jvm 11.0.17+8-post-Ubuntu-1ubuntu222.04
2022-11-14 06:26:30.664:INFO:osjs.session:pool-1-thread-2 for channel id=941: DefaultSessionIdManager workerName=node0
2022-11-14 06:26:30.664:INFO:osjs.session:pool-1-thread-2 for channel id=941: No SessionScavenger set, using defaults
2022-11-14 06:26:30.671:INFO:osjs.session:pool-1-thread-2 for channel id=941: node0 Scavenging every 600000ms
2022-11-14 06:26:30.686:INFO:osjsh.ContextHandler:pool-1-thread-2 for channel id=941: Started o.s.j.s.ServletContextHandler@266f311c{/,null,AVAILABLE}
Nov 14, 2022 6:26:30 AM org.openqa.grid.internal.DefaultGridRegistry assignRequestToProxy
INFO: Shutting down registry.
2022-11-14 06:26:30.713:INFO:osjs.AbstractConnector:pool-1-thread-2 for channel id=941: Stopped ServerConnector@332fb205{HTTP/1.1,[http/1.1]}{13.233.194.132:4444}
2022-11-14 06:26:30.714:INFO:osjs.session:pool-1-thread-2 for channel id=941: node0 Stopped scavenging
2022-11-14 06:26:30.715:INFO:osjsh.ContextHandler:pool-1-thread-2 for channel id=941: Stopped o.s.j.s.ServletContextHandler@266f311c{/,null,UNAVAILABLE}
Nov 14, 2022 6:26:30 AM org.openqa.grid.web.Hub start
SEVERE: Port 4444 is busy, please choose a free port for the hub and specify it using -port option
Nov 14, 2022 6:26:30 AM hudson.plugins.selenium.HubLauncher call
OFF: Grid Hub started on port 4444 with args: -maxSession 5 -timeout 300 -browserTimeout 0 -host 13.233.194.132
