Started at Sun Nov 13 15:02:41 UTC 2022
Processing job1
Offering job1 to Project Build Discarder
Processing test_c_project
Offering test_c_project to Project Build Discarder
Processing test_java_project
Offering test_java_project to Project Build Discarder
Finished at Sun Nov 13 15:02:41 UTC 2022. 1ms
Started at Sun Nov 13 16:02:41 UTC 2022
Processing job1
Offering job1 to Project Build Discarder
Processing test_c_project
Offering test_c_project to Project Build Discarder
Processing test_java_project
Offering test_java_project to Project Build Discarder
Finished at Sun Nov 13 16:02:41 UTC 2022. 0ms
Started at Sun Nov 13 17:02:41 UTC 2022
Processing job1
Offering job1 to Project Build Discarder
Processing test_c_project
Offering test_c_project to Project Build Discarder
Processing test_java_project
Offering test_java_project to Project Build Discarder
Finished at Sun Nov 13 17:02:41 UTC 2022. 1ms
Started at Sun Nov 13 18:02:41 UTC 2022
Processing job1
Offering job1 to Project Build Discarder
Processing test_c_project
Offering test_c_project to Project Build Discarder
Processing test_java_project
Offering test_java_project to Project Build Discarder
Finished at Sun Nov 13 18:02:41 UTC 2022. 1ms
Started at Sun Nov 13 19:02:41 UTC 2022
Processing job1
Offering job1 to Project Build Discarder
Processing test_c_project
Offering test_c_project to Project Build Discarder
Processing test_java_project
Offering test_java_project to Project Build Discarder
Finished at Sun Nov 13 19:02:41 UTC 2022. 1ms
Started at Sun Nov 13 20:02:41 UTC 2022
Processing job1
Offering job1 to Project Build Discarder
Processing test_c_project
Offering test_c_project to Project Build Discarder
Processing test_java_project
Offering test_java_project to Project Build Discarder
Finished at Sun Nov 13 20:02:41 UTC 2022. 1ms
Started at Sun Nov 13 21:02:41 UTC 2022
Processing job1
Offering job1 to Project Build Discarder
Processing test_c_project
Offering test_c_project to Project Build Discarder
Processing test_java_project
Offering test_java_project to Project Build Discarder
Finished at Sun Nov 13 21:02:41 UTC 2022. 0ms
Started at Sun Nov 13 22:02:41 UTC 2022
Processing job1
Offering job1 to Project Build Discarder
Processing test_c_project
Offering test_c_project to Project Build Discarder
Processing test_java_project
Offering test_java_project to Project Build Discarder
Finished at Sun Nov 13 22:02:41 UTC 2022. 0ms
Started at Sun Nov 13 23:02:41 UTC 2022
Processing job1
Offering job1 to Project Build Discarder
Processing test_c_project
Offering test_c_project to Project Build Discarder
Processing test_java_project
Offering test_java_project to Project Build Discarder
Finished at Sun Nov 13 23:02:41 UTC 2022. 1ms
Started at Mon Nov 14 00:02:41 UTC 2022
Processing job1
Offering job1 to Project Build Discarder
Processing test_c_project
Offering test_c_project to Project Build Discarder
Processing test_java_project
Offering test_java_project to Project Build Discarder
Finished at Mon Nov 14 00:02:41 UTC 2022. 0ms
Started at Mon Nov 14 01:02:41 UTC 2022
Processing job1
Offering job1 to Project Build Discarder
Processing test_c_project
Offering test_c_project to Project Build Discarder
Processing test_java_project
Offering test_java_project to Project Build Discarder
Finished at Mon Nov 14 01:02:41 UTC 2022. 1ms
Started at Mon Nov 14 02:02:41 UTC 2022
Processing job1
Offering job1 to Project Build Discarder
Processing test_c_project
Offering test_c_project to Project Build Discarder
Processing test_java_project
Offering test_java_project to Project Build Discarder
Finished at Mon Nov 14 02:02:41 UTC 2022. 1ms
Started at Mon Nov 14 03:02:41 UTC 2022
Processing job1
Offering job1 to Project Build Discarder
Processing test_c_project
Offering test_c_project to Project Build Discarder
Processing test_java_project
Offering test_java_project to Project Build Discarder
Finished at Mon Nov 14 03:02:41 UTC 2022. 2ms
Started at Mon Nov 14 04:02:41 UTC 2022
Processing job1
Offering job1 to Project Build Discarder
Processing test_c_project
Offering test_c_project to Project Build Discarder
Processing test_java_project
Offering test_java_project to Project Build Discarder
Finished at Mon Nov 14 04:02:41 UTC 2022. 1ms
Started at Mon Nov 14 05:02:41 UTC 2022
Processing job1
Offering job1 to Project Build Discarder
Processing test_c_project
Offering test_c_project to Project Build Discarder
Processing test_java_project
Offering test_java_project to Project Build Discarder
Finished at Mon Nov 14 05:02:41 UTC 2022. 0ms
Started at Mon Nov 14 06:02:41 UTC 2022
Processing job1
Offering job1 to Project Build Discarder
Processing test_c_project
Offering test_c_project to Project Build Discarder
Processing test_java_project
Offering test_java_project to Project Build Discarder
Finished at Mon Nov 14 06:02:41 UTC 2022. 3ms
Started at Mon Nov 14 07:02:41 UTC 2022
Processing job1
Offering job1 to Project Build Discarder
Processing test_c_project
Offering test_c_project to Project Build Discarder
Processing test_java_project
Offering test_java_project to Project Build Discarder
Finished at Mon Nov 14 07:02:41 UTC 2022. 4ms
Started at Mon Nov 14 08:02:41 UTC 2022
Processing job1
Offering job1 to Project Build Discarder
Processing test_c_project
Offering test_c_project to Project Build Discarder
Processing test_java_project
Offering test_java_project to Project Build Discarder
Finished at Mon Nov 14 08:02:41 UTC 2022. 1ms
